------------------------------------------------------------------------------------------------------------------------

[2025-03-05 15:11:23 #1 store] 
Database 'C:\Users\rebel\eclipse-workspace\ride\Rides24-master\src\main\resources\rides.temp' is opened by 26152@Rufer

[2025-03-05 15:11:24 #2 type.registry] 
New type domain.Driver

[2025-03-05 15:11:24 #3 type] 
Type domain.Driver is not enhanced.

[2025-03-05 15:11:24 #4 type.registry] 
New type domain.Ride

[2025-03-05 15:11:24 #5 type] 
Type domain.Ride is not enhanced.

[2025-03-05 15:11:24 #6 type.registry] 
New type java.util.Vector<java.lang.Object>

[2025-03-05 15:11:24 #7 type.registry] 
New type java.util.Vector<domain.Ride>

------------------------------------------------------------------------------------------------------------------------

[2025-03-05 15:13:09 #1 store] 
Database 'C:\Users\rebel\eclipse-workspace\ride\Rides24-master\src\main\resources\rides.temp' is opened by 4568@Rufer

[2025-03-05 15:13:09 #2 type.registry] 
New type domain.Driver

[2025-03-05 15:13:09 #3 type] 
Type domain.Driver is not enhanced.

[2025-03-05 15:13:09 #4 type.registry] 
New type domain.Ride

[2025-03-05 15:13:09 #5 type] 
Type domain.Ride is not enhanced.

[2025-03-05 15:13:09 #6 type.registry] 
New type java.util.Vector<java.lang.Object>

[2025-03-05 15:13:09 #7 type.registry] 
New type java.util.Vector<domain.Ride>

------------------------------------------------------------------------------------------------------------------------

[2025-03-05 15:21:00 #1 store] 
Database 'C:\Users\rebel\eclipse-workspace\ride\Rides24-master\src\main\resources\rides.temp' is opened by 17012@Rufer

[2025-03-05 15:21:00 #2 type.registry] 
New type domain.Driver

[2025-03-05 15:21:00 #3 type] 
Type domain.Driver is not enhanced.

[2025-03-05 15:21:00 #4 type.registry] 
New type domain.Ride

[2025-03-05 15:21:00 #5 type] 
Type domain.Ride is not enhanced.

[2025-03-05 15:21:00 #6 type.registry] 
New type java.util.Vector<java.lang.Object>

[2025-03-05 15:21:00 #7 type.registry] 
New type java.util.Vector<domain.Ride>

------------------------------------------------------------------------------------------------------------------------

[2025-03-05 15:22:01 #1 store] 
Database 'C:\Users\rebel\eclipse-workspace\ride\Rides24-master\src\main\resources\rides.temp' is opened by 13064@Rufer

[2025-03-05 15:22:01 #2 type.registry] 
New type domain.Driver

[2025-03-05 15:22:01 #3 type] 
Type domain.Driver is not enhanced.

[2025-03-05 15:22:01 #4 type.registry] 
New type domain.Ride

[2025-03-05 15:22:01 #5 type] 
Type domain.Ride is not enhanced.

[2025-03-05 15:22:01 #6 type.registry] 
New type java.util.Vector<java.lang.Object>

[2025-03-05 15:22:01 #7 type.registry] 
New type java.util.Vector<domain.Ride>

------------------------------------------------------------------------------------------------------------------------

[2025-03-05 15:30:15 #1 store] 
Database 'C:\Users\rebel\eclipse-workspace\ride\Rides24-master\src\main\resources\rides.temp' is opened by 19972@Rufer

[2025-03-05 15:30:15 #2 type.registry] 
New type domain.Driver

[2025-03-05 15:30:15 #3 type] 
Type domain.Driver is not enhanced.

[2025-03-05 15:30:15 #4 type.registry] 
New type domain.Ride

[2025-03-05 15:30:15 #5 type] 
Type domain.Ride is not enhanced.

[2025-03-05 15:30:15 #6 type.registry] 
New type java.util.Vector<java.lang.Object>

[2025-03-05 15:30:15 #7 type.registry] 
New type java.util.Vector<domain.Ride>

------------------------------------------------------------------------------------------------------------------------

[2025-03-05 15:38:56 #1 store] 
Database 'C:\Users\rebel\eclipse-workspace\ride\Rides24-master\src\main\resources\rides.temp' is opened by 13200@Rufer

[2025-03-05 15:38:56 #2 type.registry] 
New type domain.Driver

[2025-03-05 15:38:56 #3 type] 
Type domain.Driver is not enhanced.

[2025-03-05 15:38:56 #4 type.registry] 
New type domain.Ride

[2025-03-05 15:38:56 #5 type] 
Type domain.Ride is not enhanced.

[2025-03-05 15:38:56 #6 type.registry] 
New type java.util.Vector<java.lang.Object>

[2025-03-05 15:38:56 #7 type.registry] 
New type java.util.Vector<domain.Ride>

[2025-03-05 15:39:03 #8 type.registry] 
New type domain.User

[2025-03-05 15:39:03 #9 type] 
Type domain.User is not enhanced.

------------------------------------------------------------------------------------------------------------------------

[2025-03-05 15:39:30 #1 store] 
Database 'C:\Users\rebel\eclipse-workspace\ride\Rides24-master\src\main\resources\rides.temp' is opened by 1920@Rufer

[2025-03-05 15:39:30 #2 type.registry] 
New type domain.Driver

[2025-03-05 15:39:30 #3 type] 
Type domain.Driver is not enhanced.

[2025-03-05 15:39:30 #4 type.registry] 
New type domain.Ride

[2025-03-05 15:39:30 #5 type] 
Type domain.Ride is not enhanced.

[2025-03-05 15:39:30 #6 type.registry] 
New type java.util.Vector<java.lang.Object>

[2025-03-05 15:39:30 #7 type.registry] 
New type java.util.Vector<domain.Ride>

[2025-03-05 15:39:34 #8 type.registry] 
New type domain.User

[2025-03-05 15:39:34 #9 type] 
Type domain.User is not enhanced.

------------------------------------------------------------------------------------------------------------------------

[2025-03-05 16:25:38 #1 store] 
Database 'C:\Users\rebel\eclipse-workspace\ride\Rides24-master\src\main\resources\rides.temp' is opened by 13108@Rufer

[2025-03-05 16:25:38 #2 type.registry] 
New type domain.Driver

[2025-03-05 16:25:38 #3 type] 
Type domain.Driver is not enhanced.

[2025-03-05 16:25:38 #4 type.registry] 
New type domain.Ride

[2025-03-05 16:25:38 #5 type] 
Type domain.Ride is not enhanced.

[2025-03-05 16:25:38 #6 type.registry] 
New type java.util.Vector<java.lang.Object>

[2025-03-05 16:25:38 #7 type.registry] 
New type java.util.Vector<domain.Ride>

[2025-03-05 16:25:45 #8 type.registry] 
New type domain.User

[2025-03-05 16:25:45 #9 type] 
Type domain.User is not enhanced.

------------------------------------------------------------------------------------------------------------------------

[2025-03-05 16:29:23 #1 store] 
Database 'C:\Users\rebel\eclipse-workspace\ride\Rides24-master\src\main\resources\rides.temp' is opened by 5408@Rufer

[2025-03-05 16:29:24 #2 type.registry] 
New type domain.Driver

[2025-03-05 16:29:24 #3 type] 
Type domain.Driver is not enhanced.

[2025-03-05 16:29:24 #4 type.registry] 
New type domain.Ride

[2025-03-05 16:29:24 #5 type] 
Type domain.Ride is not enhanced.

[2025-03-05 16:29:24 #6 type.registry] 
New type java.util.Vector<java.lang.Object>

[2025-03-05 16:29:24 #7 type.registry] 
New type java.util.Vector<domain.Ride>

------------------------------------------------------------------------------------------------------------------------

[2025-03-05 16:46:12 #1 store] 
Database 'C:\Users\rebel\eclipse-workspace\ride\Rides24-master\src\main\resources\rides.temp' is opened by 19072@Rufer

[2025-03-05 16:46:12 #2 type.registry] 
New type domain.Driver

[2025-03-05 16:46:12 #3 type] 
Type domain.Driver is not enhanced.

[2025-03-05 16:46:12 #4 type.registry] 
New type domain.Ride

[2025-03-05 16:46:12 #5 type] 
Type domain.Ride is not enhanced.

[2025-03-05 16:46:12 #6 type.registry] 
New type java.util.Vector<java.lang.Object>

[2025-03-05 16:46:12 #7 type.registry] 
New type java.util.Vector<domain.Ride>

[2025-03-05 16:46:14 #8 type.registry] 
New type domain.User

[2025-03-05 16:46:14 #9 type] 
Type domain.User is not enhanced.

------------------------------------------------------------------------------------------------------------------------

[2025-03-05 16:49:00 #1 store] 
Database 'C:\Users\rebel\eclipse-workspace\ride\Rides24-master\src\main\resources\rides.temp' is opened by 2720@Rufer

[2025-03-05 16:49:00 #2 type.registry] 
New type domain.Driver

[2025-03-05 16:49:00 #3 type] 
Type domain.Driver is not enhanced.

[2025-03-05 16:49:00 #4 type.registry] 
New type domain.Ride

[2025-03-05 16:49:00 #5 type] 
Type domain.Ride is not enhanced.

[2025-03-05 16:49:00 #6 type.registry] 
New type java.util.Vector<java.lang.Object>

[2025-03-05 16:49:00 #7 type.registry] 
New type java.util.Vector<domain.Ride>

[2025-03-05 16:49:06 #8 type.registry] 
New type domain.User

[2025-03-05 16:49:06 #9 type] 
Type domain.User is not enhanced.

------------------------------------------------------------------------------------------------------------------------

[2025-03-05 17:28:38 #1 store] 
Database 'C:\Users\rebel\eclipse-workspace\ride\Rides24-master\src\main\resources\rides.temp' has been recovered (tr. 1-9)

[2025-03-05 17:28:38 #2 store] 
Database 'C:\Users\rebel\eclipse-workspace\ride\Rides24-master\src\main\resources\rides.temp' is opened by 7700@Rufer

[2025-03-05 17:28:38 #3 type] 
Type domain.Driver is not enhanced.

[2025-03-05 17:28:38 #4 type] 
Type domain.Ride is not enhanced.

[2025-03-05 17:28:38 #5 type] 
Type domain.User is not enhanced.

------------------------------------------------------------------------------------------------------------------------

[2025-03-05 17:30:02 #1 store] 
Database 'C:\Users\rebel\eclipse-workspace\ride\Rides24-master\src\main\resources\rides.temp' is opened by 26204@Rufer

[2025-03-05 17:30:02 #2 type] 
Type domain.Driver is not enhanced.

[2025-03-05 17:30:02 #3 type] 
Type domain.Ride is not enhanced.

[2025-03-05 17:30:02 #4 type] 
Type domain.User is not enhanced.

------------------------------------------------------------------------------------------------------------------------

[2025-03-05 17:31:15 #1 store] 
Database 'C:\Users\rebel\eclipse-workspace\ride\Rides24-master\src\main\resources\rides.temp' has been recovered (tr. 11-12)

[2025-03-05 17:31:15 #2 store] 
Database 'C:\Users\rebel\eclipse-workspace\ride\Rides24-master\src\main\resources\rides.temp' is opened by 2160@Rufer

[2025-03-05 17:31:15 #3 type] 
Type domain.Driver is not enhanced.

[2025-03-05 17:31:15 #4 type] 
Type domain.Ride is not enhanced.

[2025-03-05 17:31:15 #5 type] 
Type domain.User is not enhanced.

------------------------------------------------------------------------------------------------------------------------

[2025-03-05 19:09:25 #1 store] 
Database 'C:\Users\rebel\eclipse-workspace\ride\Rides24-master\src\main\resources\rides.temp' is opened by 17600@Rufer

[2025-03-05 19:09:25 #2 type] 
Type domain.Driver is not enhanced.

[2025-03-05 19:09:25 #3 type] 
Type domain.Ride is not enhanced.

[2025-03-05 19:09:25 #4 type] 
Type domain.User is not enhanced.

------------------------------------------------------------------------------------------------------------------------

[2025-03-05 19:11:30 #1 store] 
Database 'C:\Users\rebel\eclipse-workspace\ride\Rides24-master\src\main\resources\rides.temp' is opened by 18088@Rufer

[2025-03-05 19:11:30 #2 type] 
Type domain.Driver is not enhanced.

[2025-03-05 19:11:30 #3 type] 
Type domain.Ride is not enhanced.

[2025-03-05 19:11:30 #4 type] 
Type domain.User is not enhanced.

------------------------------------------------------------------------------------------------------------------------

[2025-03-05 19:14:53 #1 store] 
Database 'C:\Users\rebel\eclipse-workspace\ride\Rides24-master\src\main\resources\rides.temp' has been recovered (tr. 13-14)

[2025-03-05 19:14:53 #2 store] 
Database 'C:\Users\rebel\eclipse-workspace\ride\Rides24-master\src\main\resources\rides.temp' is opened by 17496@Rufer

[2025-03-05 19:14:53 #3 type] 
Type domain.Driver is not enhanced.

[2025-03-05 19:14:53 #4 type] 
Type domain.Ride is not enhanced.

[2025-03-05 19:14:53 #5 type] 
Type domain.User is not enhanced.

------------------------------------------------------------------------------------------------------------------------

[2025-03-05 19:42:13 #1 store] 
Database 'C:\Users\rebel\eclipse-workspace\ride\Rides24-master\src\main\resources\rides.temp' has been recovered (tr. 15-15)

[2025-03-05 19:42:13 #2 store] 
Database 'C:\Users\rebel\eclipse-workspace\ride\Rides24-master\src\main\resources\rides.temp' is opened by 16704@Rufer

[2025-03-05 19:42:14 #3 type] 
Type domain.Driver is not enhanced.

[2025-03-05 19:42:14 #4 type] 
Type domain.Ride is not enhanced.

[2025-03-05 19:42:14 #5 type] 
Type domain.User is not enhanced.

------------------------------------------------------------------------------------------------------------------------

[2025-03-05 19:43:52 #1 store] 
Database 'C:\Users\rebel\eclipse-workspace\ride\Rides24-master\src\main\resources\rides.temp' is opened by 3548@Rufer

[2025-03-05 19:43:53 #2 type.registry] 
New type domain.Driver

[2025-03-05 19:43:53 #3 type] 
Type domain.Driver is not enhanced.

[2025-03-05 19:43:53 #4 type.registry] 
New type domain.Ride

[2025-03-05 19:43:53 #5 type] 
Type domain.Ride is not enhanced.

[2025-03-05 19:43:53 #6 type.registry] 
New type java.util.Vector<java.lang.Object>

[2025-03-05 19:43:53 #7 type.registry] 
New type java.util.Vector<domain.Ride>

[2025-03-05 19:43:57 #8 type.registry] 
New type domain.User

[2025-03-05 19:43:57 #9 type] 
Type domain.User is not enhanced.

------------------------------------------------------------------------------------------------------------------------

[2025-03-05 20:05:59 #1 store] 
Database 'C:\Users\rebel\eclipse-workspace\ride\Rides24-master\src\main\resources\rides.temp' is opened by 16248@Rufer

[2025-03-05 20:05:59 #2 type.registry] 
New type domain.Driver

[2025-03-05 20:05:59 #3 type] 
Type domain.Driver is not enhanced.

[2025-03-05 20:05:59 #4 type.registry] 
New type domain.Ride

[2025-03-05 20:05:59 #5 type] 
Type domain.Ride is not enhanced.

[2025-03-05 20:05:59 #6 type.registry] 
New type java.util.Vector<java.lang.Object>

[2025-03-05 20:05:59 #7 type.registry] 
New type java.util.Vector<domain.Ride>

[2025-03-05 20:06:02 #8 type.registry] 
New type domain.User

[2025-03-05 20:06:02 #9 type] 
Type domain.User is not enhanced.

------------------------------------------------------------------------------------------------------------------------

[2025-03-05 20:18:16 #1 store] 
Database 'C:\Users\rebel\eclipse-workspace\ride\Rides24-master\src\main\resources\rides.temp' is opened by 25080@Rufer

[2025-03-05 20:18:16 #2 type.registry] 
New type domain.Driver

[2025-03-05 20:18:16 #3 type] 
Type domain.Driver is not enhanced.

[2025-03-05 20:18:16 #4 type.registry] 
New type domain.Ride

[2025-03-05 20:18:16 #5 type] 
Type domain.Ride is not enhanced.

[2025-03-05 20:18:16 #6 type.registry] 
New type java.util.Vector<java.lang.Object>

[2025-03-05 20:18:16 #7 type.registry] 
New type java.util.Vector<domain.Ride>

[2025-03-05 20:18:26 #8 type.registry] 
New type domain.User

[2025-03-05 20:18:26 #9 type] 
Type domain.User is not enhanced.

------------------------------------------------------------------------------------------------------------------------

[2025-03-05 20:20:27 #1 store] 
Database 'C:\Users\rebel\eclipse-workspace\ride\Rides24-master\src\main\resources\rides.temp' is opened by 10264@Rufer

[2025-03-05 20:20:27 #2 type.registry] 
New type domain.Driver

[2025-03-05 20:20:27 #3 type] 
Type domain.Driver is not enhanced.

[2025-03-05 20:20:27 #4 type.registry] 
New type domain.Ride

[2025-03-05 20:20:27 #5 type] 
Type domain.Ride is not enhanced.

[2025-03-05 20:20:27 #6 type.registry] 
New type java.util.Vector<java.lang.Object>

[2025-03-05 20:20:27 #7 type.registry] 
New type java.util.Vector<domain.Ride>

[2025-03-05 20:20:29 #8 type.registry] 
New type domain.User

[2025-03-05 20:20:29 #9 type] 
Type domain.User is not enhanced.

------------------------------------------------------------------------------------------------------------------------

[2025-03-05 20:21:57 #1 store] 
Database 'C:\Users\rebel\eclipse-workspace\ride\Rides24-master\src\main\resources\rides.temp' is opened by 21988@Rufer

[2025-03-05 20:21:57 #2 type.registry] 
New type domain.Driver

[2025-03-05 20:21:57 #3 type] 
Type domain.Driver is not enhanced.

[2025-03-05 20:21:57 #4 type.registry] 
New type domain.Ride

[2025-03-05 20:21:57 #5 type] 
Type domain.Ride is not enhanced.

[2025-03-05 20:21:57 #6 type.registry] 
New type java.util.Vector<java.lang.Object>

[2025-03-05 20:21:57 #7 type.registry] 
New type java.util.Vector<domain.Ride>

[2025-03-05 20:22:03 #8 type.registry] 
New type domain.User

[2025-03-05 20:22:03 #9 type] 
Type domain.User is not enhanced.

------------------------------------------------------------------------------------------------------------------------

[2025-03-05 20:23:22 #1 store] 
Database 'C:\Users\rebel\eclipse-workspace\ride\Rides24-master\src\main\resources\rides.temp' is opened by 5784@Rufer

[2025-03-05 20:23:22 #2 type.registry] 
New type domain.Driver

[2025-03-05 20:23:22 #3 type] 
Type domain.Driver is not enhanced.

[2025-03-05 20:23:22 #4 type.registry] 
New type domain.Ride

[2025-03-05 20:23:22 #5 type] 
Type domain.Ride is not enhanced.

[2025-03-05 20:23:22 #6 type.registry] 
New type java.util.Vector<java.lang.Object>

[2025-03-05 20:23:22 #7 type.registry] 
New type java.util.Vector<domain.Ride>

[2025-03-05 20:23:26 #8 type.registry] 
New type domain.User

[2025-03-05 20:23:26 #9 type] 
Type domain.User is not enhanced.

------------------------------------------------------------------------------------------------------------------------

[2025-03-05 21:17:52 #1 store] 
Database 'C:\Users\rebel\eclipse-workspace\ride\Rides24-master\src\main\resources\rides.temp' has been recovered (tr. 1-7)

[2025-03-05 21:17:52 #2 store] 
Database 'C:\Users\rebel\eclipse-workspace\ride\Rides24-master\src\main\resources\rides.temp' is opened by 8476@Rufer

[2025-03-05 21:17:52 #3 type] 
Type domain.Driver is not enhanced.

[2025-03-05 21:17:52 #4 type] 
Type domain.Ride is not enhanced.

[2025-03-05 21:17:52 #5 type] 
Type domain.User is not enhanced.

------------------------------------------------------------------------------------------------------------------------

[2025-03-05 21:19:32 #1 store] 
Database 'C:\Users\rebel\eclipse-workspace\ride\Rides24-master\src\main\resources\rides.temp' has been recovered (tr. 8-15)

[2025-03-05 21:19:32 #2 store] 
Database 'C:\Users\rebel\eclipse-workspace\ride\Rides24-master\src\main\resources\rides.temp' is opened by 9576@Rufer

[2025-03-05 21:19:32 #3 type] 
Type domain.Driver is not enhanced.

[2025-03-05 21:19:32 #4 type] 
Type domain.Ride is not enhanced.

[2025-03-05 21:19:32 #5 type] 
Type domain.User is not enhanced.

