------------------------------------------------------------------------------------------------------------------------

[2025-04-01 18:46:44 #1 store] 
Database 'C:\Users\rebel\git\rides\Rides24\src\main\resources\rides.temp' has been recovered (tr. 1-10)

[2025-04-01 18:46:44 #2 store] 
Database 'C:\Users\rebel\git\rides\Rides24\src\main\resources\rides.temp' is opened by 3436@Rufer

[2025-04-01 18:46:44 #3 type] 
Type domain.Driver is not enhanced.

[2025-04-01 18:46:44 #4 type] 
Type domain.Valoracion is not enhanced.

[2025-04-01 18:46:44 #5 type] 
Type domain.Ride is not enhanced.

[2025-04-01 18:46:44 #6 type] 
Type domain.User is not enhanced.

------------------------------------------------------------------------------------------------------------------------

[2025-04-01 18:57:00 #1 store] 
Database 'C:\Users\rebel\git\rides\Rides24\src\main\resources\rides.temp' has been recovered (tr. 11-14)

[2025-04-01 18:57:00 #2 store] 
Database 'C:\Users\rebel\git\rides\Rides24\src\main\resources\rides.temp' is opened by 13288@Rufer

[2025-04-01 18:57:00 #3 type] 
Type domain.Driver is not enhanced.

[2025-04-01 18:57:00 #4 type] 
Type domain.Valoracion is not enhanced.

[2025-04-01 18:57:00 #5 type] 
Type domain.Ride is not enhanced.

[2025-04-01 18:57:00 #6 type] 
Type domain.User is not enhanced.

------------------------------------------------------------------------------------------------------------------------

[2025-04-01 19:10:49 #1 store] 
Database 'C:\Users\rebel\git\rides\Rides24\src\main\resources\rides.temp' has been recovered (tr. 15-17)

[2025-04-01 19:10:49 #2 store] 
Database 'C:\Users\rebel\git\rides\Rides24\src\main\resources\rides.temp' is opened by 23192@Rufer

[2025-04-01 19:10:49 #3 type] 
Type domain.Driver is not enhanced.

[2025-04-01 19:10:49 #4 type] 
Type domain.Valoracion is not enhanced.

[2025-04-01 19:10:49 #5 type] 
Type domain.Ride is not enhanced.

[2025-04-01 19:10:49 #6 type] 
Type domain.User is not enhanced.

------------------------------------------------------------------------------------------------------------------------

[2025-04-01 19:47:23 #1 store] 
Database 'C:\Users\rebel\git\rides\Rides24\src\main\resources\rides.temp' has been recovered (tr. 18-19)

[2025-04-01 19:47:24 #2 store] 
Database 'C:\Users\rebel\git\rides\Rides24\src\main\resources\rides.temp' is opened by 14000@Rufer

[2025-04-01 19:47:24 #3 type] 
Type domain.Driver is not enhanced.

[2025-04-01 19:47:24 #4 type] 
Type domain.Valoracion is not enhanced.

[2025-04-01 19:47:24 #5 type] 
Type domain.Ride is not enhanced.

[2025-04-01 19:47:24 #6 type] 
Type domain.User is not enhanced.

------------------------------------------------------------------------------------------------------------------------

[2025-04-01 19:57:39 #1 store] 
Database 'C:\Users\rebel\git\rides\Rides24\src\main\resources\rides.temp' is opened by 13364@Rufer

[2025-04-01 19:57:40 #2 type] 
Type domain.Driver is not enhanced.

[2025-04-01 19:57:40 #3 type] 
Type domain.Valoracion is not enhanced.

[2025-04-01 19:57:40 #4 type] 
Type domain.Ride is not enhanced.

[2025-04-01 19:57:40 #5 type] 
Type domain.User is not enhanced.

------------------------------------------------------------------------------------------------------------------------

[2025-04-01 20:17:45 #1 store] 
Database 'C:\Users\rebel\git\rides\Rides24\src\main\resources\rides.temp' is opened by 20512@Rufer

[2025-04-01 20:17:46 #2 type] 
Type domain.Driver is not enhanced.

[2025-04-01 20:17:46 #3 type] 
Type domain.Valoracion is not enhanced.

[2025-04-01 20:17:46 #4 type] 
Type domain.Ride is not enhanced.

[2025-04-01 20:17:46 #5 type] 
Type domain.User is not enhanced.

