------------------------------------------------------------------------------------------------------------------------

[2025-05-02 19:51:25 #1 store] 
Database 'C:\Users\rebel\Downloads\TUMADRE\rides\Rides24\src\main\resources\rides.temp' is opened by 6604@Rufer

[2025-05-02 19:51:25 #2 type] 
Type domain.User is not enhanced.

[2025-05-02 19:51:25 #3 type.registry] 
New type domain.Monedero

[2025-05-02 19:51:25 #4 type.registry] 
New type domain.CuentaBancaria

[2025-05-02 19:51:25 #5 type] 
Type domain.Ride is not enhanced.

[2025-05-02 19:51:25 #6 type] 
Type domain.Driver is not enhanced.

[2025-05-02 19:51:25 #7 type] 
Type domain.Valoracion is not enhanced.

[2025-05-02 19:51:25 #8 type] 
Type domain.Monedero is not enhanced.

[2025-05-02 19:51:25 #9 type] 
Type domain.CuentaBancaria is not enhanced.

------------------------------------------------------------------------------------------------------------------------

[2025-05-02 19:53:08 #1 store] 
Database 'C:\Users\rebel\Downloads\TUMADRE\rides\Rides24\src\main\resources\rides.temp' has been recovered (tr. 31-31)

[2025-05-02 19:53:08 #2 store] 
Database 'C:\Users\rebel\Downloads\TUMADRE\rides\Rides24\src\main\resources\rides.temp' is opened by 1288@Rufer

[2025-05-02 19:53:08 #3 type] 
Type domain.User is not enhanced.

[2025-05-02 19:53:08 #4 type] 
Type domain.Ride is not enhanced.

[2025-05-02 19:53:08 #5 type] 
Type domain.Driver is not enhanced.

[2025-05-02 19:53:08 #6 type] 
Type domain.Valoracion is not enhanced.

[2025-05-02 19:53:08 #7 type] 
Type domain.Monedero is not enhanced.

[2025-05-02 19:53:08 #8 type] 
Type domain.CuentaBancaria is not enhanced.

