------------------------------------------------------------------------------------------------------------------------

[2025-03-04 18:00:13 #1 store] 
Database 'C:\Users\rebel\eclipse-workspace\ride\Rides24-master\src\main\resources\rides.temp' is opened by 21256@Rufer

[2025-03-04 18:00:13 #2 type.registry] 
New type domain.Driver

[2025-03-04 18:00:13 #3 type] 
Type domain.Driver is not enhanced.

[2025-03-04 18:00:13 #4 type.registry] 
New type domain.Ride

[2025-03-04 18:00:13 #5 type] 
Type domain.Ride is not enhanced.

[2025-03-04 18:00:13 #6 type.registry] 
New type java.util.Vector<java.lang.Object>

[2025-03-04 18:00:13 #7 type.registry] 
New type java.util.Vector<domain.Ride>

------------------------------------------------------------------------------------------------------------------------

[2025-03-04 18:02:27 #1 store] 
Database 'C:\Users\rebel\eclipse-workspace\ride\Rides24-master\src\main\resources\rides.temp' is opened by 13880@Rufer

[2025-03-04 18:02:27 #2 type.registry] 
New type domain.Driver

[2025-03-04 18:02:27 #3 type] 
Type domain.Driver is not enhanced.

[2025-03-04 18:02:27 #4 type.registry] 
New type domain.Ride

[2025-03-04 18:02:27 #5 type] 
Type domain.Ride is not enhanced.

[2025-03-04 18:02:27 #6 type.registry] 
New type java.util.Vector<java.lang.Object>

[2025-03-04 18:02:27 #7 type.registry] 
New type java.util.Vector<domain.Ride>

------------------------------------------------------------------------------------------------------------------------

[2025-03-04 18:04:22 #1 store] 
Database 'C:\Users\rebel\eclipse-workspace\ride\Rides24-master\src\main\resources\rides.temp' is opened by 1828@Rufer

[2025-03-04 18:04:23 #2 type.registry] 
New type domain.Driver

[2025-03-04 18:04:23 #3 type] 
Type domain.Driver is not enhanced.

[2025-03-04 18:04:23 #4 type.registry] 
New type domain.Ride

[2025-03-04 18:04:23 #5 type] 
Type domain.Ride is not enhanced.

[2025-03-04 18:04:23 #6 type.registry] 
New type java.util.Vector<java.lang.Object>

[2025-03-04 18:04:23 #7 type.registry] 
New type java.util.Vector<domain.Ride>

------------------------------------------------------------------------------------------------------------------------

[2025-03-04 18:06:00 #1 store] 
Database 'C:\Users\rebel\eclipse-workspace\ride\Rides24-master\src\main\resources\rides.temp' is opened by 2952@Rufer

[2025-03-04 18:06:00 #2 type.registry] 
New type domain.Driver

[2025-03-04 18:06:00 #3 type] 
Type domain.Driver is not enhanced.

[2025-03-04 18:06:00 #4 type.registry] 
New type domain.Ride

[2025-03-04 18:06:00 #5 type] 
Type domain.Ride is not enhanced.

[2025-03-04 18:06:00 #6 type.registry] 
New type java.util.Vector<java.lang.Object>

[2025-03-04 18:06:00 #7 type.registry] 
New type java.util.Vector<domain.Ride>

[2025-03-04 18:06:12 #8 type.registry] 
New type domain.User

[2025-03-04 18:06:12 #9 type] 
Type domain.User is not enhanced.

------------------------------------------------------------------------------------------------------------------------

[2025-03-04 18:10:13 #1 store] 
Database 'C:\Users\rebel\eclipse-workspace\ride\Rides24-master\src\main\resources\rides.temp' is opened by 17704@Rufer

[2025-03-04 18:10:14 #2 type.registry] 
New type domain.Driver

[2025-03-04 18:10:14 #3 type] 
Type domain.Driver is not enhanced.

[2025-03-04 18:10:14 #4 type.registry] 
New type domain.Ride

[2025-03-04 18:10:14 #5 type] 
Type domain.Ride is not enhanced.

[2025-03-04 18:10:14 #6 type.registry] 
New type java.util.Vector<java.lang.Object>

[2025-03-04 18:10:14 #7 type.registry] 
New type java.util.Vector<domain.Ride>

[2025-03-04 18:10:20 #8 type.registry] 
New type domain.User

[2025-03-04 18:10:20 #9 type] 
Type domain.User is not enhanced.

------------------------------------------------------------------------------------------------------------------------

[2025-03-04 18:13:32 #1 store] 
Database 'C:\Users\rebel\eclipse-workspace\ride\Rides24-master\src\main\resources\rides.temp' is opened by 11116@Rufer

[2025-03-04 18:13:32 #2 type.registry] 
New type domain.Driver

[2025-03-04 18:13:32 #3 type] 
Type domain.Driver is not enhanced.

[2025-03-04 18:13:32 #4 type.registry] 
New type domain.Ride

[2025-03-04 18:13:32 #5 type] 
Type domain.Ride is not enhanced.

[2025-03-04 18:13:32 #6 type.registry] 
New type java.util.Vector<java.lang.Object>

[2025-03-04 18:13:32 #7 type.registry] 
New type java.util.Vector<domain.Ride>

------------------------------------------------------------------------------------------------------------------------

[2025-03-04 18:16:32 #1 store] 
Database 'C:\Users\rebel\eclipse-workspace\ride\Rides24-master\src\main\resources\rides.temp' is opened by 19828@Rufer

[2025-03-04 18:16:32 #2 type.registry] 
New type domain.Driver

[2025-03-04 18:16:32 #3 type] 
Type domain.Driver is not enhanced.

[2025-03-04 18:16:32 #4 type.registry] 
New type domain.Ride

[2025-03-04 18:16:32 #5 type] 
Type domain.Ride is not enhanced.

[2025-03-04 18:16:32 #6 type.registry] 
New type java.util.Vector<java.lang.Object>

[2025-03-04 18:16:32 #7 type.registry] 
New type java.util.Vector<domain.Ride>

------------------------------------------------------------------------------------------------------------------------

[2025-03-04 18:19:36 #1 store] 
Database 'C:\Users\rebel\eclipse-workspace\ride\Rides24-master\src\main\resources\rides.temp' has been recovered (tr. 1-6)

[2025-03-04 18:19:36 #2 store] 
Database 'C:\Users\rebel\eclipse-workspace\ride\Rides24-master\src\main\resources\rides.temp' is opened by 13664@Rufer

[2025-03-04 18:19:36 #3 type] 
Type domain.Driver is not enhanced.

[2025-03-04 18:19:36 #4 type] 
Type domain.Ride is not enhanced.

[2025-03-04 18:19:43 #5 type.registry] 
New type domain.User

[2025-03-04 18:19:43 #6 type] 
Type domain.User is not enhanced.

------------------------------------------------------------------------------------------------------------------------

[2025-03-04 18:19:51 #1 store] 
Database 'C:\Users\rebel\eclipse-workspace\ride\Rides24-master\src\main\resources\rides.temp' has been recovered (tr. 8-9)

[2025-03-04 18:19:51 #2 store] 
Database 'C:\Users\rebel\eclipse-workspace\ride\Rides24-master\src\main\resources\rides.temp' is opened by 11760@Rufer

[2025-03-04 18:19:51 #3 type] 
Type domain.Driver is not enhanced.

[2025-03-04 18:19:51 #4 type] 
Type domain.Ride is not enhanced.

[2025-03-04 18:19:51 #5 type] 
Type domain.User is not enhanced.

------------------------------------------------------------------------------------------------------------------------

[2025-03-04 18:23:28 #1 store] 
Database 'C:\Users\rebel\eclipse-workspace\ride\Rides24-master\src\main\resources\rides.temp' is opened by 13692@Rufer

[2025-03-04 18:23:28 #2 type.registry] 
New type domain.Driver

[2025-03-04 18:23:28 #3 type] 
Type domain.Driver is not enhanced.

[2025-03-04 18:23:28 #4 type.registry] 
New type domain.Ride

[2025-03-04 18:23:28 #5 type] 
Type domain.Ride is not enhanced.

[2025-03-04 18:23:28 #6 type.registry] 
New type java.util.Vector<java.lang.Object>

[2025-03-04 18:23:28 #7 type.registry] 
New type java.util.Vector<domain.Ride>

------------------------------------------------------------------------------------------------------------------------

[2025-03-04 18:23:58 #1 store] 
Database 'C:\Users\rebel\eclipse-workspace\ride\Rides24-master\src\main\resources\rides.temp' is opened by 8268@Rufer

[2025-03-04 18:23:58 #2 type.registry] 
New type domain.Driver

[2025-03-04 18:23:58 #3 type] 
Type domain.Driver is not enhanced.

[2025-03-04 18:23:58 #4 type.registry] 
New type domain.Ride

[2025-03-04 18:23:58 #5 type] 
Type domain.Ride is not enhanced.

[2025-03-04 18:23:58 #6 type.registry] 
New type java.util.Vector<java.lang.Object>

[2025-03-04 18:23:58 #7 type.registry] 
New type java.util.Vector<domain.Ride>

------------------------------------------------------------------------------------------------------------------------

[2025-03-04 18:32:56 #1 store] 
Database 'C:\Users\rebel\eclipse-workspace\ride\Rides24-master\src\main\resources\rides.temp' is opened by 15416@Rufer

[2025-03-04 18:32:56 #2 type.registry] 
New type domain.Driver

[2025-03-04 18:32:56 #3 type] 
Type domain.Driver is not enhanced.

[2025-03-04 18:32:56 #4 type.registry] 
New type domain.Ride

[2025-03-04 18:32:56 #5 type] 
Type domain.Ride is not enhanced.

[2025-03-04 18:32:56 #6 type.registry] 
New type java.util.Vector<java.lang.Object>

[2025-03-04 18:32:56 #7 type.registry] 
New type java.util.Vector<domain.Ride>

------------------------------------------------------------------------------------------------------------------------

[2025-03-04 18:35:04 #1 store] 
Database 'C:\Users\rebel\eclipse-workspace\ride\Rides24-master\src\main\resources\rides.temp' is opened by 10968@Rufer

[2025-03-04 18:35:04 #2 type.registry] 
New type domain.Driver

[2025-03-04 18:35:04 #3 type] 
Type domain.Driver is not enhanced.

[2025-03-04 18:35:04 #4 type.registry] 
New type domain.Ride

[2025-03-04 18:35:04 #5 type] 
Type domain.Ride is not enhanced.

[2025-03-04 18:35:04 #6 type.registry] 
New type java.util.Vector<java.lang.Object>

[2025-03-04 18:35:04 #7 type.registry] 
New type java.util.Vector<domain.Ride>

[2025-03-04 18:35:20 #8 type.registry] 
New type domain.User

[2025-03-04 18:35:20 #9 type] 
Type domain.User is not enhanced.

