------------------------------------------------------------------------------------------------------------------------

[2025-03-06 14:58:54 #1 store] 
Database 'C:\Users\rebel\eclipse-workspace\ride\Rides24-master\src\main\resources\rides.temp' has been recovered (tr. 16-17)

[2025-03-06 14:58:54 #2 store] 
Database 'C:\Users\rebel\eclipse-workspace\ride\Rides24-master\src\main\resources\rides.temp' is opened by 17652@Rufer

[2025-03-06 14:58:54 #3 type] 
Type domain.Driver is not enhanced.

[2025-03-06 14:58:54 #4 type] 
Type domain.Ride is not enhanced.

[2025-03-06 14:58:54 #5 type] 
Type domain.User is not enhanced.

------------------------------------------------------------------------------------------------------------------------

[2025-03-06 15:03:34 #1 store] 
Database 'C:\Users\rebel\eclipse-workspace\ride\Rides24-master\src\main\resources\rides.temp' is opened by 8244@Rufer

[2025-03-06 15:03:34 #2 type] 
Type domain.Driver is not enhanced.

[2025-03-06 15:03:34 #3 type] 
Type domain.Ride is not enhanced.

[2025-03-06 15:03:34 #4 type] 
Type domain.User is not enhanced.

------------------------------------------------------------------------------------------------------------------------

[2025-03-06 16:00:39 #1 store] 
Database 'C:\Users\rebel\eclipse-workspace\ride\Rides24-master\src\main\resources\rides.temp' is opened by 17348@Rufer

[2025-03-06 16:00:39 #2 type] 
Type domain.Driver is not enhanced.

[2025-03-06 16:00:39 #3 type] 
Type domain.Ride is not enhanced.

[2025-03-06 16:00:39 #4 type] 
Type domain.User is not enhanced.

------------------------------------------------------------------------------------------------------------------------

[2025-03-06 16:07:15 #1 store] 
Database 'C:\Users\rebel\eclipse-workspace\ride\Rides24-master\src\main\resources\rides.temp' is opened by 5652@Rufer

[2025-03-06 16:07:15 #2 type] 
Type domain.Driver is not enhanced.

[2025-03-06 16:07:15 #3 type] 
Type domain.Ride is not enhanced.

[2025-03-06 16:07:15 #4 type] 
Type domain.User is not enhanced.

------------------------------------------------------------------------------------------------------------------------

[2025-03-06 16:08:23 #1 store] 
Database 'C:\Users\rebel\eclipse-workspace\ride\Rides24-master\src\main\resources\rides.temp' is opened by 10872@Rufer

[2025-03-06 16:08:23 #2 type] 
Type domain.Driver is not enhanced.

[2025-03-06 16:08:23 #3 type] 
Type domain.Ride is not enhanced.

[2025-03-06 16:08:23 #4 type] 
Type domain.User is not enhanced.

------------------------------------------------------------------------------------------------------------------------

[2025-03-06 16:10:10 #1 store] 
Database 'C:\Users\rebel\eclipse-workspace\ride\Rides24-master\src\main\resources\rides.temp' is opened by 17340@Rufer

[2025-03-06 16:10:11 #2 type] 
Type domain.Driver is not enhanced.

[2025-03-06 16:10:11 #3 type] 
Type domain.Ride is not enhanced.

[2025-03-06 16:10:11 #4 type] 
Type domain.User is not enhanced.

