------------------------------------------------------------------------------------------------------------------------

[2025-05-08 18:49:57 #1 store] 
Database 'C:\Users\rebel\Downloads\TUMADRE\rides\Rides24\src\main\resources\rides.temp' has been recovered (tr. 206-212)

[2025-05-08 18:49:57 #2 store] 
Database 'C:\Users\rebel\Downloads\TUMADRE\rides\Rides24\src\main\resources\rides.temp' is opened by 9004@Rufer

[2025-05-08 18:49:57 #3 type] 
Type domain.User is not enhanced.

[2025-05-08 18:49:57 #4 type] 
Type domain.Monedero is not enhanced.

[2025-05-08 18:49:57 #5 type] 
Type domain.CuentaBancaria is not enhanced.

[2025-05-08 18:49:57 #6 type] 
Type domain.Ride is not enhanced.

[2025-05-08 18:49:57 #7 type] 
Type domain.Driver is not enhanced.

[2025-05-08 18:49:57 #8 type] 
Type domain.Valoracion is not enhanced.

------------------------------------------------------------------------------------------------------------------------

[2025-05-08 20:21:55 #1 store] 
Database 'C:\Users\rebel\Downloads\TUMADRE\rides\Rides24\src\main\resources\rides.temp' has been recovered (tr. 213-233)

[2025-05-08 20:21:56 #2 store] 
Database 'C:\Users\rebel\Downloads\TUMADRE\rides\Rides24\src\main\resources\rides.temp' is opened by 17120@Rufer

[2025-05-08 20:21:56 #3 type] 
Type domain.User is not enhanced.

[2025-05-08 20:21:56 #4 type] 
Type domain.Monedero is not enhanced.

[2025-05-08 20:21:56 #5 type] 
Type domain.CuentaBancaria is not enhanced.

[2025-05-08 20:21:56 #6 type] 
Type domain.Ride is not enhanced.

[2025-05-08 20:21:56 #7 type] 
Type domain.Driver is not enhanced.

[2025-05-08 20:21:56 #8 type] 
Type domain.Valoracion is not enhanced.

------------------------------------------------------------------------------------------------------------------------

[2025-05-08 20:29:07 #1 store] 
Database 'C:\Users\rebel\Downloads\TUMADRE\rides\Rides24\src\main\resources\rides.temp' has been recovered (tr. 234-257)

[2025-05-08 20:29:07 #2 store] 
Database 'C:\Users\rebel\Downloads\TUMADRE\rides\Rides24\src\main\resources\rides.temp' is opened by 21496@Rufer

[2025-05-08 20:29:07 #3 type] 
Type domain.User is not enhanced.

[2025-05-08 20:29:07 #4 type] 
Type domain.Monedero is not enhanced.

[2025-05-08 20:29:07 #5 type] 
Type domain.CuentaBancaria is not enhanced.

[2025-05-08 20:29:07 #6 type] 
Type domain.Ride is not enhanced.

[2025-05-08 20:29:07 #7 type] 
Type domain.Driver is not enhanced.

[2025-05-08 20:29:07 #8 type] 
Type domain.Valoracion is not enhanced.

------------------------------------------------------------------------------------------------------------------------

[2025-05-08 20:36:00 #1 store] 
Database 'C:\Users\rebel\Downloads\TUMADRE\rides\Rides24\src\main\resources\rides.temp' has been recovered (tr. 258-283)

[2025-05-08 20:36:00 #2 store] 
Database 'C:\Users\rebel\Downloads\TUMADRE\rides\Rides24\src\main\resources\rides.temp' is opened by 23908@Rufer

[2025-05-08 20:36:00 #3 type] 
Type domain.User is not enhanced.

[2025-05-08 20:36:00 #4 type] 
Type domain.Monedero is not enhanced.

[2025-05-08 20:36:00 #5 type] 
Type domain.CuentaBancaria is not enhanced.

[2025-05-08 20:36:00 #6 type] 
Type domain.Ride is not enhanced.

[2025-05-08 20:36:00 #7 type] 
Type domain.Driver is not enhanced.

[2025-05-08 20:36:00 #8 type] 
Type domain.Valoracion is not enhanced.

------------------------------------------------------------------------------------------------------------------------

[2025-05-08 20:39:18 #1 store] 
Database 'C:\Users\rebel\Downloads\TUMADRE\rides\Rides24\src\main\resources\rides.temp' has been recovered (tr. 284-288)

[2025-05-08 20:39:18 #2 store] 
Database 'C:\Users\rebel\Downloads\TUMADRE\rides\Rides24\src\main\resources\rides.temp' is opened by 15880@Rufer

[2025-05-08 20:39:18 #3 type] 
Type domain.User is not enhanced.

[2025-05-08 20:39:18 #4 type] 
Type domain.Monedero is not enhanced.

[2025-05-08 20:39:18 #5 type] 
Type domain.CuentaBancaria is not enhanced.

[2025-05-08 20:39:18 #6 type] 
Type domain.Ride is not enhanced.

[2025-05-08 20:39:18 #7 type] 
Type domain.Driver is not enhanced.

[2025-05-08 20:39:18 #8 type] 
Type domain.Valoracion is not enhanced.

