------------------------------------------------------------------------------------------------------------------------

[2025-03-19 16:39:00 #1 store] 
Database 'C:\Users\rebel\eclipse-workspace\ride\Rides24-master\src\main\resources\rides.temp' is opened by 996@Rufer

[2025-03-19 16:39:00 #2 type.registry] 
New type domain.Driver

[2025-03-19 16:39:00 #3 type] 
Type domain.Driver is not enhanced.

[2025-03-19 16:39:00 #4 type.registry] 
New type domain.Ride

[2025-03-19 16:39:00 #5 type] 
Type domain.Ride is not enhanced.

[2025-03-19 16:39:00 #6 type.registry] 
New type java.util.Vector<java.lang.Object>

[2025-03-19 16:39:00 #7 type.registry] 
New type java.util.Vector<domain.Ride>

------------------------------------------------------------------------------------------------------------------------

[2025-03-19 16:41:36 #1 store] 
Database 'C:\Users\rebel\eclipse-workspace\ride\Rides24-master\src\main\resources\rides.temp' is opened by 6904@Rufer

[2025-03-19 16:41:36 #2 type.registry] 
New type domain.Driver

[2025-03-19 16:41:36 #3 type] 
Type domain.Driver is not enhanced.

[2025-03-19 16:41:36 #4 type.registry] 
New type domain.Ride

[2025-03-19 16:41:36 #5 type] 
Type domain.Ride is not enhanced.

[2025-03-19 16:41:36 #6 type.registry] 
New type java.util.Vector<java.lang.Object>

[2025-03-19 16:41:36 #7 type.registry] 
New type java.util.Vector<domain.Ride>

[2025-03-19 16:41:42 #8 type.registry] 
New type domain.User

[2025-03-19 16:41:42 #9 type] 
Type domain.User is not enhanced.

