------------------------------------------------------------------------------------------------------------------------

[2025-05-07 17:42:53 #1 store] 
Database 'C:\Users\rebel\Downloads\TUMADRE\rides\Rides24\src\main\resources\rides.temp' is opened by 23864@Rufer

[2025-05-07 17:42:54 #2 type] 
Type domain.User is not enhanced.

[2025-05-07 17:42:54 #3 type] 
Type domain.Ride is not enhanced.

[2025-05-07 17:42:54 #4 type] 
Type domain.Driver is not enhanced.

[2025-05-07 17:42:54 #5 type] 
Type domain.Valoracion is not enhanced.

[2025-05-07 17:42:54 #6 type] 
Type domain.Monedero is not enhanced.

[2025-05-07 17:42:54 #7 type] 
Type domain.CuentaBancaria is not enhanced.

------------------------------------------------------------------------------------------------------------------------

[2025-05-07 17:49:33 #1 store] 
Database 'C:\Users\rebel\Downloads\TUMADRE\rides\Rides24\src\main\resources\rides.temp' is opened by 25008@Rufer

[2025-05-07 17:49:33 #2 type] 
Type domain.User is not enhanced.

[2025-05-07 17:49:33 #3 type] 
Type domain.Ride is not enhanced.

[2025-05-07 17:49:33 #4 type] 
Type domain.Driver is not enhanced.

[2025-05-07 17:49:33 #5 type] 
Type domain.Valoracion is not enhanced.

[2025-05-07 17:49:33 #6 type] 
Type domain.Monedero is not enhanced.

[2025-05-07 17:49:33 #7 type] 
Type domain.CuentaBancaria is not enhanced.

------------------------------------------------------------------------------------------------------------------------

[2025-05-07 18:11:18 #1 store] 
Database 'C:\Users\rebel\Downloads\TUMADRE\rides\Rides24\src\main\resources\rides.temp' is opened by 23576@Rufer

[2025-05-07 18:11:18 #2 type] 
Type domain.User is not enhanced.

[2025-05-07 18:11:18 #3 type] 
Type domain.Ride is not enhanced.

[2025-05-07 18:11:18 #4 type] 
Type domain.Driver is not enhanced.

[2025-05-07 18:11:18 #5 type] 
Type domain.Valoracion is not enhanced.

[2025-05-07 18:11:18 #6 type] 
Type domain.Monedero is not enhanced.

[2025-05-07 18:11:18 #7 type] 
Type domain.CuentaBancaria is not enhanced.

------------------------------------------------------------------------------------------------------------------------

[2025-05-07 18:33:51 #1 store] 
Database 'C:\Users\rebel\Downloads\TUMADRE\rides\Rides24\src\main\resources\rides.temp' has been recovered (tr. 158-173)

[2025-05-07 18:33:51 #2 store] 
Database 'C:\Users\rebel\Downloads\TUMADRE\rides\Rides24\src\main\resources\rides.temp' is opened by 13368@Rufer

[2025-05-07 18:33:51 #3 type] 
Type domain.User is not enhanced.

[2025-05-07 18:33:51 #4 type] 
Type domain.Ride is not enhanced.

[2025-05-07 18:33:51 #5 type] 
Type domain.Driver is not enhanced.

[2025-05-07 18:33:51 #6 type] 
Type domain.Valoracion is not enhanced.

[2025-05-07 18:33:51 #7 type] 
Type domain.Monedero is not enhanced.

[2025-05-07 18:33:51 #8 type] 
Type domain.CuentaBancaria is not enhanced.

------------------------------------------------------------------------------------------------------------------------

[2025-05-07 18:34:36 #1 store] 
Database 'C:\Users\rebel\Downloads\TUMADRE\rides\Rides24\src\main\resources\rides.temp' is opened by 23320@Rufer

[2025-05-07 18:34:36 #2 type] 
Type domain.User is not enhanced.

[2025-05-07 18:34:36 #3 type] 
Type domain.Ride is not enhanced.

[2025-05-07 18:34:36 #4 type] 
Type domain.Driver is not enhanced.

[2025-05-07 18:34:36 #5 type] 
Type domain.Valoracion is not enhanced.

[2025-05-07 18:34:36 #6 type] 
Type domain.Monedero is not enhanced.

[2025-05-07 18:34:36 #7 type] 
Type domain.CuentaBancaria is not enhanced.

------------------------------------------------------------------------------------------------------------------------

[2025-05-07 18:37:53 #1 store] 
Database 'C:\Users\rebel\Downloads\TUMADRE\rides\Rides24\src\main\resources\rides.temp' is opened by 26844@Rufer

[2025-05-07 18:37:53 #2 type] 
Type domain.User is not enhanced.

[2025-05-07 18:37:53 #3 type] 
Type domain.Ride is not enhanced.

[2025-05-07 18:37:53 #4 type] 
Type domain.Driver is not enhanced.

[2025-05-07 18:37:53 #5 type] 
Type domain.Valoracion is not enhanced.

[2025-05-07 18:37:53 #6 type] 
Type domain.Monedero is not enhanced.

[2025-05-07 18:37:53 #7 type] 
Type domain.CuentaBancaria is not enhanced.

------------------------------------------------------------------------------------------------------------------------

[2025-05-07 18:41:46 #1 store] 
Database 'C:\Users\rebel\Downloads\TUMADRE\rides\Rides24\src\main\resources\rides.temp' has been recovered (tr. 174-194)

[2025-05-07 18:41:46 #2 store] 
Database 'C:\Users\rebel\Downloads\TUMADRE\rides\Rides24\src\main\resources\rides.temp' is opened by 10168@Rufer

[2025-05-07 18:41:46 #3 type] 
Type domain.User is not enhanced.

[2025-05-07 18:41:46 #4 type] 
Type domain.Ride is not enhanced.

[2025-05-07 18:41:46 #5 type] 
Type domain.Driver is not enhanced.

[2025-05-07 18:41:46 #6 type] 
Type domain.Valoracion is not enhanced.

[2025-05-07 18:41:46 #7 type] 
Type domain.Monedero is not enhanced.

[2025-05-07 18:41:46 #8 type] 
Type domain.CuentaBancaria is not enhanced.

------------------------------------------------------------------------------------------------------------------------

[2025-05-07 18:59:34 #1 store] 
Database 'C:\Users\rebel\Downloads\TUMADRE\rides\Rides24\src\main\resources\rides.temp' is opened by 20788@Rufer

[2025-05-07 18:59:34 #2 type] 
Type domain.User is not enhanced.

[2025-05-07 18:59:34 #3 type] 
Type domain.Ride is not enhanced.

[2025-05-07 18:59:34 #4 type] 
Type domain.Driver is not enhanced.

[2025-05-07 18:59:34 #5 type] 
Type domain.Valoracion is not enhanced.

[2025-05-07 18:59:34 #6 type] 
Type domain.Monedero is not enhanced.

[2025-05-07 18:59:34 #7 type] 
Type domain.CuentaBancaria is not enhanced.

------------------------------------------------------------------------------------------------------------------------

[2025-05-07 19:04:09 #1 store] 
Database 'C:\Users\rebel\Downloads\TUMADRE\rides\Rides24\src\main\resources\rides.temp' is opened by 24652@Rufer

[2025-05-07 19:04:12 #2 type.registry] 
New type domain.User

[2025-05-07 19:04:12 #3 type] 
Type domain.User is not enhanced.

[2025-05-07 19:04:12 #4 type.registry] 
New type domain.Monedero

[2025-05-07 19:04:12 #5 type.registry] 
New type domain.CuentaBancaria

[2025-05-07 19:04:12 #6 type.registry] 
New type domain.Ride

[2025-05-07 19:04:12 #7 type] 
Type domain.Monedero is not enhanced.

[2025-05-07 19:04:12 #8 type.registry] 
New type domain.Driver

[2025-05-07 19:04:12 #9 type] 
Type domain.CuentaBancaria is not enhanced.

[2025-05-07 19:04:12 #10 type] 
Type domain.Ride is not enhanced.

[2025-05-07 19:04:12 #11 type.registry] 
New type domain.EstadoViaje

[2025-05-07 19:04:12 #12 type.registry] 
New type java.util.HashMap<domain.User,domain.EstadoViaje>

[2025-05-07 19:04:12 #13 type] 
Type domain.Driver is not enhanced.

[2025-05-07 19:04:12 #14 type.registry] 
New type java.util.Vector<java.lang.Object>

[2025-05-07 19:04:12 #15 type.registry] 
New type java.util.Vector<domain.Ride>

[2025-05-07 19:04:40 #16 type.registry] 
New type java.util.ArrayList<java.lang.Object>

[2025-05-07 19:05:34 #17 type.registry] 
New type java.util.Vector<domain.User>

[2025-05-07 19:05:34 #18 type.registry] 
New type java.util.HashMap<java.lang.Object,java.lang.Object>

[2025-05-07 19:27:07 #19 type.registry] 
New type domain.Valoracion

[2025-05-07 19:27:07 #20 type] 
Type domain.Valoracion is not enhanced.

